#
# A fatal error has been detected by the Java Runtime Environment:
#
#  SIGSEGV (0xb) at pc=0x00007fc14f37e843, pid=27066, tid=140468193539840
#
# JRE version: Java(TM) SE Runtime Environment (8.0_31-b13) (build 1.8.0_31-b13)
# Java VM: Java HotSpot(TM) 64-Bit Server VM (25.31-b07 mixed mode linux-amd64 compressed oops)
# Problematic frame:
# V  [libjvm.so+0x94b843]  oopDesc* PSPromotionManager::copy_to_survivor_space<false>(oopDesc*)+0x173
#
# Failed to write core dump. Core dumps have been disabled. To enable core dumping, try "ulimit -c unlimited" before starting Java again
#
# If you would like to submit a bug report, please visit:
#   http://bugreport.java.com/bugreport/crash.jsp
#

---------------  T H R E A D  ---------------

Current thread (0x00007fc14801f000):  GCTaskThread [stack: 0x00007fc14cb73000,0x00007fc14cc74000] [id=27070]

siginfo: si_signo: 11 (SIGSEGV), si_code: 1 (SEGV_MAPERR), si_addr: 0x0000000180001f00

Registers:
RAX=0x00007fc14f9629f0, RBX=0x00000000865e3b84, RCX=0x0000000000000003, RDX=0x0000000000000001
RSP=0x00007fc14cc72a60, RBP=0x00007fc14cc72ad0, RSI=0x00000000dfd6a460, RDI=0x0000000180001ef8
R8 =0x00000000df243a08, R9 =0x00007fc14f9802d9, R10=0x0000000086550998, R11=0x00007fc14fb40c70
R12=0x00000000dfd6a460, R13=0x0000000000000021, R14=0x0000000000000000, R15=0x00007fc1480726a8
RIP=0x00007fc14f37e843, EFLAGS=0x0000000000010202, CSGSFS=0x0000000000000033, ERR=0x0000000000000004
  TRAPNO=0x000000000000000e

Top of Stack: (sp=0x00007fc14cc72a60)
0x00007fc14cc72a60:   00000000e0066f49 00007fc14f9802d9
0x00007fc14cc72a70:   0000000000000060 00007fc148072640
0x00007fc14cc72a80:   00000000865e3c45 0000000000000400
0x00007fc14cc72a90:   00000000dfc0d712 0000000000001000
0x00007fc14cc72aa0:   0000000086295f0d 00000000865e3b84
0x00007fc14cc72ab0:   00007fc148072640 00007fc14f9629e0
0x00007fc14cc72ac0:   0000000000000000 00007fc1480726a8
0x00007fc14cc72ad0:   00007fc14cc72bc0 00007fc14f37e308
0x00007fc14cc72ae0:   00007fc14cc72b60 00007fc14cc72b50
0x00007fc14cc72af0:   00007fc14cc72b60 00007fc14cc72b20
0x00007fc14cc72b00:   00007fc14cc72b30 00007fc14cc72b80
0x00007fc14cc72b10:   00007fc14cc72b70 00007fc1480726d8
0x00007fc14cc72b20:   00007fc148020528 0000000000000000
0x00007fc14cc72b30:   00007fc1501a28a4 00000000e0066f48
0x00007fc14cc72b40:   0000000085dd7fa5 00007fc14f2f715f
0x00007fc14cc72b50:   0000000100116278 0000000085dd7fa4
0x00007fc14cc72b60:   00007fc14cc72bc0 00007fc14f04f960
0x00007fc14cc72b70:   0000000085dd32d1 00007fc14f98e410
0x00007fc14cc72b80:   00000000865e3b85 00007fc1480726a0
0x00007fc14cc72b90:   0000000000000000 0000000085dd8020
0x00007fc14cc72ba0:   0000000085dd8000 00007fc14cf00ec0
0x00007fc14cc72bb0:   00007fc14801ad80 00007fc14cf00f01
0x00007fc14cc72bc0:   00007fc14cc72c80 00007fc14ee25dbe
0x00007fc14cc72bd0:   00007fc14801ec10 00007fc14cf00f00
0x00007fc14cc72be0:   00007fc14cf00e81 00007fc14f9802d9
0x00007fc14cc72bf0:   00007fc148072640 000000008651a6a8
0x00007fc14cc72c00:   00007fc14801ab20 00007fc14cf048d4
0x00007fc14cc72c10:   0000000085dd6408 0000000000000200
0x00007fc14cc72c20:   0000000085de0018 00007fc14cf00eb3
0x00007fc14cc72c30:   0000000000000240 00007fc14cf01000
0x00007fc14cc72c40:   00007fc14cf01080 00007fc14cf00ec0
0x00007fc14cc72c50:   00007fc14cf00eb3 00007fc148026d40 

Instructions: (pc=0x00007fc14f37e843)
0x00007fc14f37e823:   83 e0 07 48 83 f8 05 75 cb 31 db eb ce 48 8b 05
0x00007fc14f37e833:   11 57 5c 00 8b 7e 08 8b 48 08 48 d3 e7 48 03 38
0x00007fc14f37e843:   8b 77 08 83 fe 00 0f 8f da fe ff ff 0f 85 23 03
0x00007fc14f37e853:   00 00 0f 1f 00 48 8b 07 4c 89 e6 4c 89 4d 98 ff 

Register to memory mapping:

RAX=0x00007fc14f9629f0: <offset 0xf2f9f0> in /home/shreya/jdk1.8.0_31/jre/lib/amd64/server/libjvm.so at 0x00007fc14ea33000
RBX=0x00000000865e3b84 is pointing into object: 0x00000000865e26f8
[Ljava.lang.Object; 
 - klass: 'java/lang/Object'[]
 - length: 2560
RCX=0x0000000000000003 is an unknown value
RDX=0x0000000000000001 is an unknown value
RSP=0x00007fc14cc72a60 is an unknown value
RBP=0x00007fc14cc72ad0 is an unknown value
RSI=0x00000000dfd6a460 is an oop

[error occurred during error reporting (printing register info), id 0xb]

Stack: [0x00007fc14cb73000,0x00007fc14cc74000],  sp=0x00007fc14cc72a60,  free space=1022k
Native frames: (J=compiled Java code, j=interpreted, Vv=VM code, C=native code)
V  [libjvm.so+0x94b843]  oopDesc* PSPromotionManager::copy_to_survivor_space<false>(oopDesc*)+0x173
V  [libjvm.so+0x94b308]  PSPromotionManager::drain_stacks_depth(bool)+0x7e8
V  [libjvm.so+0x3f2dbe]  CardTableExtension::scavenge_contents_parallel(ObjectStartArray*, MutableSpace*, HeapWord*, PSPromotionManager*, unsigned int, unsigned int)+0xafe
V  [libjvm.so+0x94e98b]  OldToYoungRootsTask::do_it(GCTaskManager*, unsigned int)+0x4b
V  [libjvm.so+0x5b000f]  GCTaskThread::run()+0x12f
V  [libjvm.so+0x8e8158]  java_start(Thread*)+0x108


---------------  P R O C E S S  ---------------

Java Threads: ( => current thread )
  0x00007fc1485d1800 JavaThread "process reaper" daemon [_thread_blocked, id=27088, stack(0x00007fc13007b000,0x00007fc1300b4000)]
  0x00007fc1480c8000 JavaThread "Service Thread" daemon [_thread_blocked, id=27083, stack(0x00007fc126d12000,0x00007fc126e13000)]
  0x00007fc1480b0000 JavaThread "C1 CompilerThread2" daemon [_thread_blocked, id=27082, stack(0x00007fc126e13000,0x00007fc126f14000)]
  0x00007fc1480ae800 JavaThread "C2 CompilerThread1" daemon [_thread_in_native, id=27081, stack(0x00007fc126f14000,0x00007fc127015000)]
  0x00007fc1480ab800 JavaThread "C2 CompilerThread0" daemon [_thread_blocked, id=27080, stack(0x00007fc127015000,0x00007fc127116000)]
  0x00007fc1480a9800 JavaThread "Signal Dispatcher" daemon [_thread_blocked, id=27079, stack(0x00007fc127116000,0x00007fc127217000)]
  0x00007fc14807c800 JavaThread "Finalizer" daemon [_thread_blocked, id=27078, stack(0x00007fc1278f9000,0x00007fc1279fa000)]
  0x00007fc14807a800 JavaThread "Reference Handler" daemon [_thread_blocked, id=27077, stack(0x00007fc1279fa000,0x00007fc127afb000)]
  0x00007fc14800a000 JavaThread "main" [_thread_blocked, id=27069, stack(0x00007fc1504b7000,0x00007fc1505b8000)]

Other Threads:
  0x00007fc148075000 VMThread [stack: 0x00007fc127afb000,0x00007fc127bfc000] [id=27074]
  0x00007fc1480ca000 WatcherThread [stack: 0x00007fc126c11000,0x00007fc126d12000] [id=27084]

=>0x00007fc14801f000 (exited) GCTaskThread [stack: 0x00007fc14cb73000,0x00007fc14cc74000] [id=27070]

VM state:at safepoint (normal execution)

VM Mutex/Monitor currently owned by a thread:  ([mutex/lock_event])
[0x00007fc148006250] Threads_lock - owner thread: 0x00007fc148075000
[0x00007fc148006750] Heap_lock - owner thread: 0x00007fc14800a000

Heap:
 PSYoungGen      total 136192K, used 79593K [0x00000000d7400000, 0x00000000e0300000, 0x0000000100000000)
  eden space 126976K, 57% used [0x00000000d7400000,0x00000000dbac23d0,0x00000000df000000)
  from space 9216K, 77% used [0x00000000dfa00000,0x00000000e00f8040,0x00000000e0300000)
  to   space 9728K, 75% used [0x00000000df000000,0x00000000df728040,0x00000000df980000)
 ParOldGen       total 84992K, used 10643K [0x0000000085c00000, 0x000000008af00000, 0x00000000d7400000)
  object space 84992K, 12% used [0x0000000085c00000,0x0000000086664f08,0x000000008af00000)
 Metaspace       used 20782K, capacity 21214K, committed 21296K, reserved 1069056K
  class space    used 2531K, capacity 2662K, committed 2688K, reserved 1048576K

Card table byte_map: [0x00007fc14cf00000,0x00007fc14d2d3000] byte_map_base: 0x00007fc14cad2000

Marking Bits: (ParMarkBitMap*) 0x00007fc14f98e2a0
 Begin Bits: [0x00007fc1302e0000, 0x00007fc132170000)
 End Bits:   [0x00007fc132170000, 0x00007fc134000000)

Polling page: 0x00007fc1505d4000

CodeCache: size=245760Kb used=9512Kb max_used=10336Kb free=236247Kb
 bounds [0x00007fc139000000, 0x00007fc139a20000, 0x00007fc148000000]
 total_blobs=3381 nmethods=3017 adapters=278
 compilation: enabled

Compilation events (10 events):
Event: 5.836 Thread 0x00007fc1480b0000 nmethod 3450 0x00007fc1393a6a10 code [0x00007fc1393a6b80, 0x00007fc1393a6de8]
Event: 5.836 Thread 0x00007fc1480b0000 3451       3       com.sun.tools.javac.util.List::of (12 bytes)
Event: 5.836 Thread 0x00007fc1480b0000 nmethod 3451 0x00007fc1394c1150 code [0x00007fc1394c12e0, 0x00007fc1394c1610]
Event: 5.838 Thread 0x00007fc1480ab800 3452       4       sun.util.calendar.Gregorian$Date::setNormalizedYear (7 bytes)
Event: 5.839 Thread 0x00007fc1480ab800 nmethod 3452 0x00007fc13959bd90 code [0x00007fc13959bee0, 0x00007fc13959bf58]
Event: 5.848 Thread 0x00007fc1480ab800 3453   !   4       java.util.concurrent.ConcurrentHashMap::putVal (362 bytes)
Event: 5.869 Thread 0x00007fc1480ab800 nmethod 3453 0x00007fc139196c50 code [0x00007fc139196e40, 0x00007fc139197bb0]
Event: 5.869 Thread 0x00007fc1480ab800 3454       4       sun.util.calendar.ZoneInfo::getOffsets (276 bytes)
Event: 5.880 Thread 0x00007fc1480ab800 nmethod 3454 0x00007fc139176310 code [0x00007fc1391764c0, 0x00007fc139176b30]
Event: 5.880 Thread 0x00007fc1480ab800 3456       4       java.net.URLClassLoader$1::run (5 bytes)

GC Heap History (10 events):
Event: 1.885 GC heap after
Heap after GC invocations=2 (full 0):
 PSYoungGen      total 36864K, used 5090K [0x00000000d7400000, 0x00000000dbc00000, 0x0000000100000000)
  eden space 31744K, 0% used [0x00000000d7400000,0x00000000d7400000,0x00000000d9300000)
  from space 5120K, 99% used [0x00000000d9800000,0x00000000d9cf8a28,0x00000000d9d00000)
  to   space 5120K, 0% used [0x00000000d9300000,0x00000000d9300000,0x00000000d9800000)
 ParOldGen       total 84992K, used 1709K [0x0000000085c00000, 0x000000008af00000, 0x00000000d7400000)
  object space 84992K, 2% used [0x0000000085c00000,0x0000000085dab7d0,0x000000008af00000)
 Metaspace       used 11612K, capacity 11804K, committed 12032K, reserved 1060864K
  class space    used 1435K, capacity 1504K, committed 1536K, reserved 1048576K
}
Event: 2.623 GC heap before
{Heap before GC invocations=3 (full 0):
 PSYoungGen      total 36864K, used 36834K [0x00000000d7400000, 0x00000000dbc00000, 0x0000000100000000)
  eden space 31744K, 100% used [0x00000000d7400000,0x00000000d9300000,0x00000000d9300000)
  from space 5120K, 99% used [0x00000000d9800000,0x00000000d9cf8a28,0x00000000d9d00000)
  to   space 5120K, 0% used [0x00000000d9300000,0x00000000d9300000,0x00000000d9800000)
 ParOldGen       total 84992K, used 1709K [0x0000000085c00000, 0x000000008af00000, 0x00000000d7400000)
  object space 84992K, 2% used [0x0000000085c00000,0x0000000085dab7d0,0x000000008af00000)
 Metaspace       used 12585K, capacity 12832K, committed 12928K, reserved 1060864K
  class space    used 1522K, capacity 1612K, committed 1664K, reserved 1048576K
Event: 2.639 GC heap after
Heap after GC invocations=3 (full 0):
 PSYoungGen      total 36864K, used 5088K [0x00000000d7400000, 0x00000000dbc00000, 0x0000000100000000)
  eden space 31744K, 0% used [0x00000000d7400000,0x00000000d7400000,0x00000000d9300000)
  from space 5120K, 99% used [0x00000000d9300000,0x00000000d97f8020,0x00000000d9800000)
  to   space 5120K, 0% used [0x00000000db700000,0x00000000db700000,0x00000000dbc00000)
 ParOldGen       total 84992K, used 3304K [0x0000000085c00000, 0x000000008af00000, 0x00000000d7400000)
  object space 84992K, 3% used [0x0000000085c00000,0x0000000085f3a140,0x000000008af00000)
 Metaspace       used 12585K, capacity 12832K, committed 12928K, reserved 1060864K
  class space    used 1522K, capacity 1612K, committed 1664K, reserved 1048576K
}
Event: 3.095 GC heap before
{Heap before GC invocations=4 (full 0):
 PSYoungGen      total 36864K, used 36832K [0x00000000d7400000, 0x00000000dbc00000, 0x0000000100000000)
  eden space 31744K, 100% used [0x00000000d7400000,0x00000000d9300000,0x00000000d9300000)
  from space 5120K, 99% used [0x00000000d9300000,0x00000000d97f8020,0x00000000d9800000)
  to   space 5120K, 0% used [0x00000000db700000,0x00000000db700000,0x00000000dbc00000)
 ParOldGen       total 84992K, used 3304K [0x0000000085c00000, 0x000000008af00000, 0x00000000d7400000)
  object space 84992K, 3% used [0x0000000085c00000,0x0000000085f3a140,0x000000008af00000)
 Metaspace       used 12824K, capacity 13112K, committed 13184K, reserved 1060864K
  class space    used 1526K, capacity 1616K, committed 1664K, reserved 1048576K
Event: 3.115 GC heap after
Heap after GC invocations=4 (full 0):
 PSYoungGen      total 68608K, used 5104K [0x00000000d7400000, 0x00000000dbc00000, 0x0000000100000000)
  eden space 63488K, 0% used [0x00000000d7400000,0x00000000d7400000,0x00000000db200000)
  from space 5120K, 99% used [0x00000000db700000,0x00000000dbbfc010,0x00000000dbc00000)
  to   space 5120K, 0% used [0x00000000db200000,0x00000000db200000,0x00000000db700000)
 ParOldGen       total 84992K, used 4656K [0x0000000085c00000, 0x000000008af00000, 0x00000000d7400000)
  object space 84992K, 5% used [0x0000000085c00000,0x000000008608c140,0x000000008af00000)
 Metaspace       used 12824K, capacity 13112K, committed 13184K, reserved 1060864K
  class space    used 1526K, capacity 1616K, committed 1664K, reserved 1048576K
}
Event: 4.394 GC heap before
{Heap before GC invocations=5 (full 0):
 PSYoungGen      total 68608K, used 68592K [0x00000000d7400000, 0x00000000dbc00000, 0x0000000100000000)
  eden space 63488K, 100% used [0x00000000d7400000,0x00000000db200000,0x00000000db200000)
  from space 5120K, 99% used [0x00000000db700000,0x00000000dbbfc010,0x00000000dbc00000)
  to   space 5120K, 0% used [0x00000000db200000,0x00000000db200000,0x00000000db700000)
 ParOldGen       total 84992K, used 4656K [0x0000000085c00000, 0x000000008af00000, 0x00000000d7400000)
  object space 84992K, 5% used [0x0000000085c00000,0x000000008608c140,0x000000008af00000)
 Metaspace       used 16434K, capacity 16760K, committed 17024K, reserved 1064960K
  class space    used 1983K, capacity 2051K, committed 2176K, reserved 1048576K
Event: 4.413 GC heap after
Heap after GC invocations=5 (full 0):
 PSYoungGen      total 68608K, used 5104K [0x00000000d7400000, 0x00000000e0400000, 0x0000000100000000)
  eden space 63488K, 0% used [0x00000000d7400000,0x00000000d7400000,0x00000000db200000)
  from space 5120K, 99% used [0x00000000db200000,0x00000000db6fc030,0x00000000db700000)
  to   space 10240K, 0% used [0x00000000dfa00000,0x00000000dfa00000,0x00000000e0400000)
 ParOldGen       total 84992K, used 9313K [0x0000000085c00000, 0x000000008af00000, 0x00000000d7400000)
  object space 84992K, 10% used [0x0000000085c00000,0x00000000865186a8,0x000000008af00000)
 Metaspace       used 16434K, capacity 16760K, committed 17024K, reserved 1064960K
  class space    used 1983K, capacity 2051K, committed 2176K, reserved 1048576K
}
Event: 5.164 GC heap before
{Heap before GC invocations=6 (full 0):
 PSYoungGen      total 68608K, used 68592K [0x00000000d7400000, 0x00000000e0400000, 0x0000000100000000)
  eden space 63488K, 100% used [0x00000000d7400000,0x00000000db200000,0x00000000db200000)
  from space 5120K, 99% used [0x00000000db200000,0x00000000db6fc030,0x00000000db700000)
  to   space 10240K, 0% used [0x00000000dfa00000,0x00000000dfa00000,0x00000000e0400000)
 ParOldGen       total 84992K, used 9313K [0x0000000085c00000, 0x000000008af00000, 0x00000000d7400000)
  object space 84992K, 10% used [0x0000000085c00000,0x00000000865186a8,0x000000008af00000)
 Metaspace       used 17097K, capacity 17430K, committed 17536K, reserved 1064960K
  class space    used 2050K, capacity 2124K, committed 2176K, reserved 1048576K
Event: 5.193 GC heap after
Heap after GC invocations=6 (full 0):
 PSYoungGen      total 136192K, used 7136K [0x00000000d7400000, 0x00000000e0300000, 0x0000000100000000)
  eden space 126976K, 0% used [0x00000000d7400000,0x00000000d7400000,0x00000000df000000)
  from space 9216K, 77% used [0x00000000dfa00000,0x00000000e00f8040,0x00000000e0300000)
  to   space 9728K, 0% used [0x00000000df000000,0x00000000df000000,0x00000000df980000)
 ParOldGen       total 84992K, used 9321K [0x0000000085c00000, 0x000000008af00000, 0x00000000d7400000)
  object space 84992K, 10% used [0x0000000085c00000,0x000000008651a6a8,0x000000008af00000)
 Metaspace       used 17097K, capacity 17430K, committed 17536K, reserved 1064960K
  class space    used 2050K, capacity 2124K, committed 2176K, reserved 1048576K
}
Event: 5.916 GC heap before
{Heap before GC invocations=7 (full 0):
 PSYoungGen      total 136192K, used 79593K [0x00000000d7400000, 0x00000000e0300000, 0x0000000100000000)
  eden space 126976K, 57% used [0x00000000d7400000,0x00000000dbac23d0,0x00000000df000000)
  from space 9216K, 77% used [0x00000000dfa00000,0x00000000e00f8040,0x00000000e0300000)
  to   space 9728K, 0% used [0x00000000df000000,0x00000000df000000,0x00000000df980000)
 ParOldGen       total 84992K, used 9321K [0x0000000085c00000, 0x000000008af00000, 0x00000000d7400000)
  object space 84992K, 10% used [0x0000000085c00000,0x000000008651a6a8,0x000000008af00000)
 Metaspace       used 20782K, capacity 21214K, committed 21296K, reserved 1069056K
  class space    used 2531K, capacity 2662K, committed 2688K, reserved 1048576K

Deoptimization events (10 events):
Event: 4.151 Thread 0x00007fc14800a000 Uncommon trap: reason=speculate_class_check action=maybe_recompile pc=0x00007fc1396e1198 method=java.nio.charset.CharsetDecoder.decode(Ljava/nio/ByteBuffer;Ljava/nio/CharBuffer;Z)Ljava/nio/charset/CoderResult; @ 57
Event: 4.151 Thread 0x00007fc14800a000 Uncommon trap: reason=speculate_class_check action=maybe_recompile pc=0x00007fc1396e1198 method=java.nio.charset.CharsetDecoder.decode(Ljava/nio/ByteBuffer;Ljava/nio/CharBuffer;Z)Ljava/nio/charset/CoderResult; @ 57
Event: 4.151 Thread 0x00007fc14800a000 Uncommon trap: reason=speculate_class_check action=maybe_recompile pc=0x00007fc1396af664 method=java.nio.charset.CharsetDecoder.decode(Ljava/nio/ByteBuffer;Ljava/nio/CharBuffer;Z)Ljava/nio/charset/CoderResult; @ 57
Event: 4.787 Thread 0x00007fc14800a000 Uncommon trap: reason=bimorphic action=maybe_recompile pc=0x00007fc13992b008 method=java.util.AbstractCollection.containsAll(Ljava/util/Collection;)Z @ 1
Event: 4.804 Thread 0x00007fc14800a000 Uncommon trap: reason=bimorphic action=maybe_recompile pc=0x00007fc13992b008 method=java.util.AbstractCollection.containsAll(Ljava/util/Collection;)Z @ 1
Event: 4.816 Thread 0x00007fc14800a000 Uncommon trap: reason=bimorphic action=maybe_recompile pc=0x00007fc13992b008 method=java.util.AbstractCollection.containsAll(Ljava/util/Collection;)Z @ 1
Event: 5.045 Thread 0x00007fc14800a000 Uncommon trap: reason=unreached action=reinterpret pc=0x00007fc13994c510 method=org.apache.maven.model.ConfigurationContainer.clone()Lorg/apache/maven/model/ConfigurationContainer; @ 37
Event: 5.048 Thread 0x00007fc14800a000 Uncommon trap: reason=unreached action=reinterpret pc=0x00007fc1399663a0 method=java.util.HashMap.clear()V @ 16
Event: 5.048 Thread 0x00007fc14800a000 Uncommon trap: reason=bimorphic action=maybe_recompile pc=0x00007fc13992b008 method=java.util.AbstractCollection.containsAll(Ljava/util/Collection;)Z @ 1
Event: 5.231 Thread 0x00007fc14800a000 Uncommon trap: reason=unreached action=reinterpret pc=0x00007fc139960520 method=org.sonatype.aether.util.graph.transformer.NearestVersionConflictResolver.selectVersion(Lorg/sonatype/aether/graph/DependencyNode;Lorg/sonatype/aether/graph/DependencyNode;ILj

Internal exceptions (10 events):
Event: 5.913 Thread 0x00007fc14800a000 Exception <a 'java/security/PrivilegedActionException'> (0x00000000db989528) thrown at [/HUDSON/workspace/8-2-build-linux-amd64/jdk8u31/2394/hotspot/src/share/vm/prims/jvm.cpp, line 1312]
Event: 5.913 Thread 0x00007fc14800a000 Exception <a 'java/security/PrivilegedActionException'> (0x00000000db989e58) thrown at [/HUDSON/workspace/8-2-build-linux-amd64/jdk8u31/2394/hotspot/src/share/vm/prims/jvm.cpp, line 1312]
Event: 5.914 Thread 0x00007fc14800a000 Exception <a 'java/security/PrivilegedActionException'> (0x00000000db98cfa8) thrown at [/HUDSON/workspace/8-2-build-linux-amd64/jdk8u31/2394/hotspot/src/share/vm/prims/jvm.cpp, line 1312]
Event: 5.914 Thread 0x00007fc14800a000 Exception <a 'java/security/PrivilegedActionException'> (0x00000000db98d928) thrown at [/HUDSON/workspace/8-2-build-linux-amd64/jdk8u31/2394/hotspot/src/share/vm/prims/jvm.cpp, line 1312]
Event: 5.915 Thread 0x00007fc14800a000 Exception <a 'java/security/PrivilegedActionException'> (0x00000000db991390) thrown at [/HUDSON/workspace/8-2-build-linux-amd64/jdk8u31/2394/hotspot/src/share/vm/prims/jvm.cpp, line 1312]
Event: 5.915 Thread 0x00007fc14800a000 Exception <a 'java/security/PrivilegedActionException'> (0x00000000db991c30) thrown at [/HUDSON/workspace/8-2-build-linux-amd64/jdk8u31/2394/hotspot/src/share/vm/prims/jvm.cpp, line 1312]
Event: 5.915 Thread 0x00007fc14800a000 Exception <a 'java/security/PrivilegedActionException'> (0x00000000db995428) thrown at [/HUDSON/workspace/8-2-build-linux-amd64/jdk8u31/2394/hotspot/src/share/vm/prims/jvm.cpp, line 1312]
Event: 5.915 Thread 0x00007fc14800a000 Exception <a 'java/security/PrivilegedActionException'> (0x00000000db995cd8) thrown at [/HUDSON/workspace/8-2-build-linux-amd64/jdk8u31/2394/hotspot/src/share/vm/prims/jvm.cpp, line 1312]
Event: 5.915 Thread 0x00007fc14800a000 Exception <a 'java/security/PrivilegedActionException'> (0x00000000db999598) thrown at [/HUDSON/workspace/8-2-build-linux-amd64/jdk8u31/2394/hotspot/src/share/vm/prims/jvm.cpp, line 1312]
Event: 5.915 Thread 0x00007fc14800a000 Exception <a 'java/security/PrivilegedActionException'> (0x00000000db999ee0) thrown at [/HUDSON/workspace/8-2-build-linux-amd64/jdk8u31/2394/hotspot/src/share/vm/prims/jvm.cpp, line 1312]

Events (10 events):
Event: 5.913 loading class com/sun/tools/javac/tree/TreeInfo$1DeclScanner done
Event: 5.914 loading class com/sun/tools/javac/comp/Resolve$VerboseResolutionMode
Event: 5.914 loading class com/sun/tools/javac/comp/Resolve$VerboseResolutionMode done
Event: 5.915 loading class com/sun/tools/javac/jvm/Profile
Event: 5.915 loading class com/sun/tools/javac/jvm/Profile done
Event: 5.915 loading class com/sun/tools/javac/jvm/Profile$1
Event: 5.915 loading class com/sun/tools/javac/jvm/Profile$1 done
Event: 5.915 loading class com/sun/tools/javac/util/MandatoryWarningHandler
Event: 5.915 loading class com/sun/tools/javac/util/MandatoryWarningHandler done
Event: 5.915 Executing VM operation: CollectForMetadataAllocation


Dynamic libraries:
00400000-00401000 r-xp 00000000 08:02 6776276                            /home/shreya/jdk1.8.0_31/bin/java
00600000-00601000 rw-p 00000000 08:02 6776276                            /home/shreya/jdk1.8.0_31/bin/java
00c34000-00c55000 rw-p 00000000 00:00 0                                  [heap]
85c00000-8af00000 rw-p 00000000 00:00 0 
8af00000-d7400000 ---p 00000000 00:00 0 
d7400000-e0300000 rw-p 00000000 00:00 0 
e0300000-100000000 ---p 00000000 00:00 0 
100000000-1002a0000 rw-p 00000000 00:00 0 
1002a0000-140000000 ---p 00000000 00:00 0 
7fc0ec000000-7fc0ec021000 rw-p 00000000 00:00 0 
7fc0ec021000-7fc0f0000000 ---p 00000000 00:00 0 
7fc0f4000000-7fc0f4021000 rw-p 00000000 00:00 0 
7fc0f4021000-7fc0f8000000 ---p 00000000 00:00 0 
7fc0f8000000-7fc0f807b000 rw-p 00000000 00:00 0 
7fc0f807b000-7fc0fc000000 ---p 00000000 00:00 0 
7fc0fc000000-7fc0fc021000 rw-p 00000000 00:00 0 
7fc0fc021000-7fc100000000 ---p 00000000 00:00 0 
7fc100000000-7fc100021000 rw-p 00000000 00:00 0 
7fc100021000-7fc104000000 ---p 00000000 00:00 0 
7fc104000000-7fc1050bd000 rw-p 00000000 00:00 0 
7fc1050bd000-7fc108000000 ---p 00000000 00:00 0 
7fc108000000-7fc108bfd000 rw-p 00000000 00:00 0 
7fc108bfd000-7fc10c000000 ---p 00000000 00:00 0 
7fc10c000000-7fc10c021000 rw-p 00000000 00:00 0 
7fc10c021000-7fc110000000 ---p 00000000 00:00 0 
7fc110000000-7fc110d54000 rw-p 00000000 00:00 0 
7fc110d54000-7fc114000000 ---p 00000000 00:00 0 
7fc114000000-7fc114021000 rw-p 00000000 00:00 0 
7fc114021000-7fc118000000 ---p 00000000 00:00 0 
7fc118000000-7fc118021000 rw-p 00000000 00:00 0 
7fc118021000-7fc11c000000 ---p 00000000 00:00 0 
7fc11c000000-7fc11c021000 rw-p 00000000 00:00 0 
7fc11c021000-7fc120000000 ---p 00000000 00:00 0 
7fc120000000-7fc120021000 rw-p 00000000 00:00 0 
7fc120021000-7fc124000000 ---p 00000000 00:00 0 
7fc124eed000-7fc124f19000 rw-p 00000000 00:00 0 
7fc124f19000-7fc1250ed000 ---p 00000000 00:00 0 
7fc1250ed000-7fc1252ed000 rw-p 00000000 00:00 0 
7fc1252ed000-7fc125366000 r--s 010df000 08:02 6841941                    /home/shreya/jdk1.8.0_31/lib/tools.jar
7fc125366000-7fc125369000 ---p 00000000 00:00 0 
7fc125369000-7fc125667000 rw-p 00000000 00:00 0 
7fc125667000-7fc12567e000 r-xp 00000000 08:01 1445891                    /lib/x86_64-linux-gnu/libresolv-2.19.so
7fc12567e000-7fc12587e000 ---p 00017000 08:01 1445891                    /lib/x86_64-linux-gnu/libresolv-2.19.so
7fc12587e000-7fc12587f000 r--p 00017000 08:01 1445891                    /lib/x86_64-linux-gnu/libresolv-2.19.so
7fc12587f000-7fc125880000 rw-p 00018000 08:01 1445891                    /lib/x86_64-linux-gnu/libresolv-2.19.so
7fc125880000-7fc125882000 rw-p 00000000 00:00 0 
7fc125882000-7fc125887000 r-xp 00000000 08:01 1448896                    /lib/x86_64-linux-gnu/libnss_dns-2.19.so
7fc125887000-7fc125a86000 ---p 00005000 08:01 1448896                    /lib/x86_64-linux-gnu/libnss_dns-2.19.so
7fc125a86000-7fc125a87000 r--p 00004000 08:01 1448896                    /lib/x86_64-linux-gnu/libnss_dns-2.19.so
7fc125a87000-7fc125a88000 rw-p 00005000 08:01 1448896                    /lib/x86_64-linux-gnu/libnss_dns-2.19.so
7fc125a88000-7fc125a8a000 r-xp 00000000 08:01 1445870                    /lib/x86_64-linux-gnu/libnss_mdns4_minimal.so.2
7fc125a8a000-7fc125c89000 ---p 00002000 08:01 1445870                    /lib/x86_64-linux-gnu/libnss_mdns4_minimal.so.2
7fc125c89000-7fc125c8a000 r--p 00001000 08:01 1445870                    /lib/x86_64-linux-gnu/libnss_mdns4_minimal.so.2
7fc125c8a000-7fc125c8b000 rw-p 00002000 08:01 1445870                    /lib/x86_64-linux-gnu/libnss_mdns4_minimal.so.2
7fc125c8b000-7fc125c8e000 ---p 00000000 00:00 0 
7fc125c8e000-7fc125d8c000 rw-p 00000000 00:00 0 
7fc125d8c000-7fc125da2000 r-xp 00000000 08:01 1445766                    /lib/x86_64-linux-gnu/libgcc_s.so.1
7fc125da2000-7fc125fa1000 ---p 00016000 08:01 1445766                    /lib/x86_64-linux-gnu/libgcc_s.so.1
7fc125fa1000-7fc125fa2000 rw-p 00015000 08:01 1445766                    /lib/x86_64-linux-gnu/libgcc_s.so.1
7fc125fa2000-7fc125fd4000 r-xp 00000000 08:02 7528647                    /home/shreya/jdk1.8.0_31/jre/lib/amd64/libsunec.so
7fc125fd4000-7fc1261d3000 ---p 00032000 08:02 7528647                    /home/shreya/jdk1.8.0_31/jre/lib/amd64/libsunec.so
7fc1261d3000-7fc1261d9000 rw-p 00031000 08:02 7528647                    /home/shreya/jdk1.8.0_31/jre/lib/amd64/libsunec.so
7fc1261d9000-7fc1263e9000 rw-p 00000000 00:00 0 
7fc1263e9000-7fc1263fa000 r-xp 00000000 08:02 7528691                    /home/shreya/jdk1.8.0_31/jre/lib/amd64/libnio.so
7fc1263fa000-7fc1265f9000 ---p 00011000 08:02 7528691                    /home/shreya/jdk1.8.0_31/jre/lib/amd64/libnio.so
7fc1265f9000-7fc1265fa000 rw-p 00010000 08:02 7528691                    /home/shreya/jdk1.8.0_31/jre/lib/amd64/libnio.so
7fc1265fa000-7fc126610000 r-xp 00000000 08:02 7528688                    /home/shreya/jdk1.8.0_31/jre/lib/amd64/libnet.so
7fc126610000-7fc126810000 ---p 00016000 08:02 7528688                    /home/shreya/jdk1.8.0_31/jre/lib/amd64/libnet.so
7fc126810000-7fc126811000 rw-p 00016000 08:02 7528688                    /home/shreya/jdk1.8.0_31/jre/lib/amd64/libnet.so
7fc126811000-7fc126a11000 rw-p 00000000 00:00 0 
7fc126a11000-7fc126c11000 rw-p 00000000 00:00 0 
7fc126c11000-7fc126c12000 ---p 00000000 00:00 0 
7fc126c12000-7fc126d12000 rw-p 00000000 00:00 0                          [stack:27084]
7fc126d12000-7fc126d15000 ---p 00000000 00:00 0 
7fc126d15000-7fc126e13000 rw-p 00000000 00:00 0                          [stack:27083]
7fc126e13000-7fc126e16000 ---p 00000000 00:00 0 
7fc126e16000-7fc126f14000 rw-p 00000000 00:00 0                          [stack:27082]
7fc126f14000-7fc126f17000 ---p 00000000 00:00 0 
7fc126f17000-7fc127015000 rw-p 00000000 00:00 0                          [stack:27081]
7fc127015000-7fc127018000 ---p 00000000 00:00 0 
7fc127018000-7fc127116000 rw-p 00000000 00:00 0                          [stack:27080]
7fc127116000-7fc127119000 ---p 00000000 00:00 0 
7fc127119000-7fc127217000 rw-p 00000000 00:00 0                          [stack:27079]
7fc127217000-7fc1278f9000 r--p 00000000 08:01 1055756                    /usr/lib/locale/locale-archive
7fc1278f9000-7fc1278fc000 ---p 00000000 00:00 0 
7fc1278fc000-7fc1279fa000 rw-p 00000000 00:00 0                          [stack:27078]
7fc1279fa000-7fc1279fd000 ---p 00000000 00:00 0 
7fc1279fd000-7fc127afb000 rw-p 00000000 00:00 0                          [stack:27077]
7fc127afb000-7fc127afc000 ---p 00000000 00:00 0 
7fc127afc000-7fc128000000 rw-p 00000000 00:00 0                          [stack:27074]
7fc128000000-7fc128021000 rw-p 00000000 00:00 0 
7fc128021000-7fc12c000000 ---p 00000000 00:00 0 
7fc12c000000-7fc12c021000 rw-p 00000000 00:00 0 
7fc12c021000-7fc130000000 ---p 00000000 00:00 0 
7fc130017000-7fc130018000 rw-p 00000000 00:00 0 
7fc130018000-7fc13001b000 r--s 0001b000 08:02 7718080                    /home/shreya/.m2/repository/junit/junit/3.8.2/junit-3.8.2.jar
7fc13001b000-7fc130029000 r--s 0008f000 08:02 7718078                    /home/shreya/.m2/repository/com/google/collections/google-collections/1.0/google-collections-1.0.jar
7fc130029000-7fc13002a000 r--s 0000a000 08:02 7718079                    /home/shreya/.m2/repository/commons-logging/commons-logging-api/1.1/commons-logging-api-1.1.jar
7fc13002a000-7fc130031000 r--s 00051000 08:02 7652631                    /home/shreya/.m2/repository/log4j/log4j/1.2.12/log4j-1.2.12.jar
7fc130031000-7fc130035000 r--s 0001d000 08:02 7718076                    /home/shreya/.m2/repository/org/apache/xbean/xbean-reflect/3.4/xbean-reflect-3.4.jar
7fc130035000-7fc130036000 r--s 00004000 08:02 7718074                    /home/shreya/.m2/repository/org/codehaus/plexus/plexus-compiler-javac/2.2/plexus-compiler-javac-2.2.jar
7fc130036000-7fc130038000 r--s 00000000 08:02 7718073                    /home/shreya/.m2/repository/org/codehaus/plexus/plexus-compiler-manager/2.2/plexus-compiler-manager-2.2.jar
7fc130038000-7fc13003a000 r--s 00005000 08:02 7718070                    /home/shreya/.m2/repository/org/codehaus/plexus/plexus-compiler-api/2.2/plexus-compiler-api-2.2.jar
7fc13003a000-7fc13003c000 r--s 00000000 08:02 7718069                    /home/shreya/.m2/repository/org/codehaus/plexus/plexus-component-annotations/1.5.5/plexus-component-annotations-1.5.5.jar
7fc13003c000-7fc13003e000 r--s 00002000 08:02 7709023                    /home/shreya/.m2/repository/org/apache/maven/shared/maven-shared-incremental/1.1/maven-shared-incremental-1.1.jar
7fc13003e000-7fc130041000 r--s 00023000 08:02 7709021                    /home/shreya/.m2/repository/org/apache/maven/shared/maven-shared-utils/0.1/maven-shared-utils-0.1.jar
7fc130041000-7fc130045000 r--s 00030000 08:02 7659766                    /home/shreya/.m2/repository/org/codehaus/plexus/plexus-utils/1.5.1/plexus-utils-1.5.1.jar
7fc130045000-7fc130047000 r--s 00009000 08:02 7708908                    /home/shreya/.m2/repository/org/apache/maven/plugins/maven-compiler-plugin/3.1/maven-compiler-plugin-3.1.jar
7fc130047000-7fc13004a000 r--s 0000d000 08:02 7742570                    /home/shreya/.m2/repository/org/codehaus/plexus/plexus-interpolation/1.19/plexus-interpolation-1.19.jar
7fc13004a000-7fc13004b000 r--s 00001000 08:02 7652791                    /home/shreya/.m2/repository/org/sonatype/plexus/plexus-build-api/0.0.4/plexus-build-api-0.0.4.jar
7fc13004b000-7fc13004d000 r--s 00006000 08:02 7709022                    /home/shreya/.m2/repository/com/google/code/findbugs/jsr305/2.0.1/jsr305-2.0.1.jar
7fc13004d000-7fc130050000 r--s 00023000 08:02 7742569                    /home/shreya/.m2/repository/org/apache/maven/shared/maven-shared-utils/0.3/maven-shared-utils-0.3.jar
7fc130050000-7fc130052000 r--s 00009000 08:02 7742568                    /home/shreya/.m2/repository/org/apache/maven/shared/maven-filtering/1.2/maven-filtering-1.2.jar
7fc130052000-7fc130056000 r--s 00037000 08:02 7742566                    /home/shreya/.m2/repository/org/codehaus/plexus/plexus-utils/3.0.15/plexus-utils-3.0.15.jar
7fc130056000-7fc130058000 r--s 00002000 08:02 7718425                    /home/shreya/.m2/repository/org/sonatype/plexus/plexus-cipher/1.4/plexus-cipher-1.4.jar
7fc130058000-7fc130059000 r--s 00006000 08:02 7718424                    /home/shreya/.m2/repository/org/sonatype/plexus/plexus-sec-dispatcher/1.3/plexus-sec-dispatcher-1.3.jar
7fc130059000-7fc13005b000 r--s 00002000 08:02 7659623                    /home/shreya/.m2/repository/org/codehaus/plexus/plexus-interactivity-api/1.0-alpha-4/plexus-interactivity-api-1.0-alpha-4.jar
7fc13005b000-7fc13005d000 r--s 00009000 08:02 7742563                    /home/shreya/.m2/repository/commons-cli/commons-cli/1.2/commons-cli-1.2.jar
7fc13005d000-7fc13005e000 r--s 00002000 08:02 7742561                    /home/shreya/.m2/repository/org/apache/maven/doxia/doxia-logging-api/1.1/doxia-logging-api-1.1.jar
7fc13005e000-7fc130060000 r--s 00002000 08:02 7742560                    /home/shreya/.m2/repository/org/apache/maven/doxia/doxia-sink-api/1.1/doxia-sink-api-1.1.jar
7fc130060000-7fc130061000 r--s 00002000 08:02 7742559                    /home/shreya/.m2/repository/org/apache/maven/reporting/maven-reporting-api/2.2.1/maven-reporting-api-2.2.1.jar
7fc130061000-7fc130063000 r--s 00003000 08:02 7718421                    /home/shreya/.m2/repository/org/slf4j/jcl-over-slf4j/1.5.6/jcl-over-slf4j-1.5.6.jar
7fc130063000-7fc130065000 r--s 00004000 08:02 7709029                    /home/shreya/.m2/repository/org/slf4j/slf4j-api/1.5.6/slf4j-api-1.5.6.jar
7fc130065000-7fc130067000 r--s 00001000 08:02 7709028                    /home/shreya/.m2/repository/org/slf4j/slf4j-jdk14/1.5.6/slf4j-jdk14-1.5.6.jar
7fc130067000-7fc13006a000 r--s 0001b000 08:02 7651931                    /home/shreya/.m2/repository/junit/junit/3.8.1/junit-3.8.1.jar
7fc13006a000-7fc130072000 r--s 00049000 08:02 7718422                    /home/shreya/.m2/repository/backport-util-concurrent/backport-util-concurrent/3.1/backport-util-concurrent-3.1.jar
7fc130072000-7fc130073000 r--s 00007000 08:02 7718311                    /home/shreya/.m2/repository/org/apache/maven/plugins/maven-resources-plugin/2.7/maven-resources-plugin-2.7.jar
7fc130073000-7fc130077000 r--s 00033000 08:02 7660394                    /home/shreya/.m2/repository/org/codehaus/plexus/plexus-utils/2.0.5/plexus-utils-2.0.5.jar
7fc130077000-7fc130078000 r--s 00005000 08:02 7127914                    /home/shreya/.m2/repository/org/apache/maven/plugins/maven-clean-plugin/2.4.1/maven-clean-plugin-2.4.1.jar
7fc130078000-7fc130079000 r--s 00009000 08:02 7528543                    /home/shreya/jdk1.8.0_31/jre/lib/ext/sunec.jar
7fc130079000-7fc13007b000 r--s 0001a000 08:02 7522444                    /home/shreya/jdk1.8.0_31/jre/lib/jce.jar
7fc13007b000-7fc13007e000 ---p 00000000 00:00 0 
7fc13007e000-7fc1300b4000 rw-p 00000000 00:00 0                          [stack:27088]
7fc1300b4000-7fc1300b5000 r--p 00000000 00:00 0 
7fc1300b5000-7fc1300b9000 r--s 00094000 08:02 7522438                    /home/shreya/jdk1.8.0_31/jre/lib/jsse.jar
7fc1300b9000-7fc1300bb000 r--s 0000c000 08:02 7292463                    /home/shreya/netbeans-8.0/java/maven-nblib/netbeans-eventspy.jar
7fc1300bb000-7fc1300c2000 r--s 0003e000 08:02 7292443                    /home/shreya/netbeans-8.0/java/maven/lib/sisu-inject-bean-2.3.0.jar
7fc1300c2000-7fc1300de000 r--s 00393000 08:02 7528545                    /home/shreya/jdk1.8.0_31/jre/lib/ext/cldrdata.jar
7fc1300de000-7fc134000000 rw-p 00000000 00:00 0 
7fc134000000-7fc13427b000 rw-p 00000000 00:00 0 
7fc13427b000-7fc138000000 ---p 00000000 00:00 0 
7fc138000000-7fc13800b000 r--s 00116000 08:02 7528551                    /home/shreya/jdk1.8.0_31/jre/lib/ext/localedata.jar
7fc13800b000-7fc13800d000 r--s 00009000 08:02 7292455                    /home/shreya/netbeans-8.0/java/maven/lib/maven-embedder-3.0.5.jar
7fc13800d000-7fc13800e000 r--s 00002000 08:02 7292485                    /home/shreya/netbeans-8.0/java/maven/lib/wagon-file-2.4.jar
7fc13800e000-7fc138010000 r--s 0000a000 08:02 7292456                    /home/shreya/netbeans-8.0/java/maven/lib/maven-settings-3.0.5.jar
7fc138010000-7fc138012000 r--s 00006000 08:02 7292324                    /home/shreya/netbeans-8.0/java/maven/lib/aether-connector-wagon-1.13.1.jar
7fc138012000-7fc138018000 r--s 0003e000 08:02 7292469                    /home/shreya/netbeans-8.0/java/maven/lib/maven-compat-3.0.5.jar
7fc138018000-7fc13801a000 r--s 0000d000 08:02 7292398                    /home/shreya/netbeans-8.0/java/maven/lib/plexus-interpolation-1.14.jar
7fc13801a000-7fc13801d000 r--s 00025000 08:02 7292472                    /home/shreya/netbeans-8.0/java/maven/lib/maven-model-3.0.5.jar
7fc13801d000-7fc138020000 r--s 0001d000 08:02 7292467                    /home/shreya/netbeans-8.0/java/maven/lib/aether-impl-1.13.1.jar
7fc138020000-7fc138028000 r--s 0004e000 08:02 7292428                    /home/shreya/netbeans-8.0/java/maven/lib/sisu-guice-3.1.0-no_aop.jar
7fc138028000-7fc13802c000 r--s 0001c000 08:02 7292468                    /home/shreya/netbeans-8.0/java/maven/lib/aether-util-1.13.1.jar
7fc13802c000-7fc13802f000 r--s 00008000 08:02 7292349                    /home/shreya/netbeans-8.0/java/maven/lib/maven-settings-builder-3.0.5.jar
7fc13802f000-7fc138032000 r--s 00033000 08:02 7292466                    /home/shreya/netbeans-8.0/java/maven/lib/plexus-utils-2.0.6.jar
7fc138032000-7fc138034000 r--s 00002000 08:02 7292473                    /home/shreya/netbeans-8.0/java/maven/lib/plexus-cipher-1.7.jar
7fc138034000-7fc138036000 r--s 0000c000 08:02 7292365                    /home/shreya/netbeans-8.0/java/maven/lib/maven-aether-provider-3.0.5.jar
7fc138036000-7fc13803c000 r--s 0002b000 08:02 7292417                    /home/shreya/netbeans-8.0/java/maven/lib/sisu-inject-plexus-2.3.0.jar
7fc13803c000-7fc13805a000 r--s 0014f000 08:02 7292481                    /home/shreya/netbeans-8.0/java/maven/lib/sisu-guava-0.9.9.jar
7fc13805a000-7fc138075000 r--s 000e0000 08:02 7292451                    /home/shreya/netbeans-8.0/java/maven/lib/wagon-http-2.4-shaded.jar
7fc138075000-7fc139000000 rw-p 00000000 00:00 0 
7fc139000000-7fc139a20000 rwxp 00000000 00:00 0 
7fc139a20000-7fc148000000 ---p 00000000 00:00 0 
7fc148000000-7fc148a7c000 rw-p 00000000 00:00 0 
7fc148a7c000-7fc14c000000 ---p 00000000 00:00 0 
7fc14c000000-7fc14c001000 r--s 00003000 08:02 7292475                    /home/shreya/netbeans-8.0/java/maven/lib/aether-spi-1.13.1.jar
7fc14c001000-7fc14c252000 rw-p 00000000 00:00 0 
7fc14c252000-7fc14c428000 r--s 03cae000 08:02 7522433                    /home/shreya/jdk1.8.0_31/jre/lib/rt.jar
7fc14c428000-7fc14c870000 rw-p 00000000 00:00 0 
7fc14c870000-7fc14c871000 ---p 00000000 00:00 0 
7fc14c871000-7fc14c971000 rw-p 00000000 00:00 0                          [stack:27073]
7fc14c971000-7fc14c972000 ---p 00000000 00:00 0 
7fc14c972000-7fc14ca72000 rw-p 00000000 00:00 0                          [stack:27072]
7fc14ca72000-7fc14ca73000 ---p 00000000 00:00 0 
7fc14ca73000-7fc14cb73000 rw-p 00000000 00:00 0                          [stack:27071]
7fc14cb73000-7fc14cb74000 ---p 00000000 00:00 0 
7fc14cb74000-7fc14cc9e000 rw-p 00000000 00:00 0                          [stack:27070]
7fc14cc9e000-7fc14cf00000 ---p 00000000 00:00 0 
7fc14cf00000-7fc14cf2a000 rw-p 00000000 00:00 0 
7fc14cf2a000-7fc14d18c000 ---p 00000000 00:00 0 
7fc14d18c000-7fc14d1d4000 rw-p 00000000 00:00 0 
7fc14d1d4000-7fc14d2d2000 ---p 00000000 00:00 0 
7fc14d2d2000-7fc14d2fc000 rw-p 00000000 00:00 0 
7fc14d2fc000-7fc14d693000 ---p 00000000 00:00 0 
7fc14d693000-7fc14d6ad000 r-xp 00000000 08:02 7528684                    /home/shreya/jdk1.8.0_31/jre/lib/amd64/libzip.so
7fc14d6ad000-7fc14d8ad000 ---p 0001a000 08:02 7528684                    /home/shreya/jdk1.8.0_31/jre/lib/amd64/libzip.so
7fc14d8ad000-7fc14d8ae000 rw-p 0001a000 08:02 7528684                    /home/shreya/jdk1.8.0_31/jre/lib/amd64/libzip.so
7fc14d8ae000-7fc14d8b9000 r-xp 00000000 08:01 1448894                    /lib/x86_64-linux-gnu/libnss_files-2.19.so
7fc14d8b9000-7fc14dab8000 ---p 0000b000 08:01 1448894                    /lib/x86_64-linux-gnu/libnss_files-2.19.so
7fc14dab8000-7fc14dab9000 r--p 0000a000 08:01 1448894                    /lib/x86_64-linux-gnu/libnss_files-2.19.so
7fc14dab9000-7fc14daba000 rw-p 0000b000 08:01 1448894                    /lib/x86_64-linux-gnu/libnss_files-2.19.so
7fc14daba000-7fc14dac5000 r-xp 00000000 08:01 1448914                    /lib/x86_64-linux-gnu/libnss_nis-2.19.so
7fc14dac5000-7fc14dcc4000 ---p 0000b000 08:01 1448914                    /lib/x86_64-linux-gnu/libnss_nis-2.19.so
7fc14dcc4000-7fc14dcc5000 r--p 0000a000 08:01 1448914                    /lib/x86_64-linux-gnu/libnss_nis-2.19.so
7fc14dcc5000-7fc14dcc6000 rw-p 0000b000 08:01 1448914                    /lib/x86_64-linux-gnu/libnss_nis-2.19.so
7fc14dcc6000-7fc14dcdd000 r-xp 00000000 08:01 1448903                    /lib/x86_64-linux-gnu/libnsl-2.19.so
7fc14dcdd000-7fc14dedc000 ---p 00017000 08:01 1448903                    /lib/x86_64-linux-gnu/libnsl-2.19.so
7fc14dedc000-7fc14dedd000 r--p 00016000 08:01 1448903                    /lib/x86_64-linux-gnu/libnsl-2.19.so
7fc14dedd000-7fc14dede000 rw-p 00017000 08:01 1448903                    /lib/x86_64-linux-gnu/libnsl-2.19.so
7fc14dede000-7fc14dee0000 rw-p 00000000 00:00 0 
7fc14dee0000-7fc14dee9000 r-xp 00000000 08:01 1448902                    /lib/x86_64-linux-gnu/libnss_compat-2.19.so
7fc14dee9000-7fc14e0e8000 ---p 00009000 08:01 1448902                    /lib/x86_64-linux-gnu/libnss_compat-2.19.so
7fc14e0e8000-7fc14e0e9000 r--p 00008000 08:01 1448902                    /lib/x86_64-linux-gnu/libnss_compat-2.19.so
7fc14e0e9000-7fc14e0ea000 rw-p 00009000 08:01 1448902                    /lib/x86_64-linux-gnu/libnss_compat-2.19.so
7fc14e0ea000-7fc14e114000 r-xp 00000000 08:02 7528679                    /home/shreya/jdk1.8.0_31/jre/lib/amd64/libjava.so
7fc14e114000-7fc14e314000 ---p 0002a000 08:02 7528679                    /home/shreya/jdk1.8.0_31/jre/lib/amd64/libjava.so
7fc14e314000-7fc14e316000 rw-p 0002a000 08:02 7528679                    /home/shreya/jdk1.8.0_31/jre/lib/amd64/libjava.so
7fc14e316000-7fc14e323000 r-xp 00000000 08:02 7528683                    /home/shreya/jdk1.8.0_31/jre/lib/amd64/libverify.so
7fc14e323000-7fc14e523000 ---p 0000d000 08:02 7528683                    /home/shreya/jdk1.8.0_31/jre/lib/amd64/libverify.so
7fc14e523000-7fc14e525000 rw-p 0000d000 08:02 7528683                    /home/shreya/jdk1.8.0_31/jre/lib/amd64/libverify.so
7fc14e525000-7fc14e52c000 r-xp 00000000 08:01 1448911                    /lib/x86_64-linux-gnu/librt-2.19.so
7fc14e52c000-7fc14e72b000 ---p 00007000 08:01 1448911                    /lib/x86_64-linux-gnu/librt-2.19.so
7fc14e72b000-7fc14e72c000 r--p 00006000 08:01 1448911                    /lib/x86_64-linux-gnu/librt-2.19.so
7fc14e72c000-7fc14e72d000 rw-p 00007000 08:01 1448911                    /lib/x86_64-linux-gnu/librt-2.19.so
7fc14e72d000-7fc14e832000 r-xp 00000000 08:01 1448893                    /lib/x86_64-linux-gnu/libm-2.19.so
7fc14e832000-7fc14ea31000 ---p 00105000 08:01 1448893                    /lib/x86_64-linux-gnu/libm-2.19.so
7fc14ea31000-7fc14ea32000 r--p 00104000 08:01 1448893                    /lib/x86_64-linux-gnu/libm-2.19.so
7fc14ea32000-7fc14ea33000 rw-p 00105000 08:01 1448893                    /lib/x86_64-linux-gnu/libm-2.19.so
7fc14ea33000-7fc14f6a1000 r-xp 00000000 08:02 7528665                    /home/shreya/jdk1.8.0_31/jre/lib/amd64/server/libjvm.so
7fc14f6a1000-7fc14f8a0000 ---p 00c6e000 08:02 7528665                    /home/shreya/jdk1.8.0_31/jre/lib/amd64/server/libjvm.so
7fc14f8a0000-7fc14f976000 rw-p 00c6d000 08:02 7528665                    /home/shreya/jdk1.8.0_31/jre/lib/amd64/server/libjvm.so
7fc14f976000-7fc14f9b9000 rw-p 00000000 00:00 0 
7fc14f9b9000-7fc14fb74000 r-xp 00000000 08:01 1448908                    /lib/x86_64-linux-gnu/libc-2.19.so
7fc14fb74000-7fc14fd73000 ---p 001bb000 08:01 1448908                    /lib/x86_64-linux-gnu/libc-2.19.so
7fc14fd73000-7fc14fd77000 r--p 001ba000 08:01 1448908                    /lib/x86_64-linux-gnu/libc-2.19.so
7fc14fd77000-7fc14fd79000 rw-p 001be000 08:01 1448908                    /lib/x86_64-linux-gnu/libc-2.19.so
7fc14fd79000-7fc14fd7e000 rw-p 00000000 00:00 0 
7fc14fd7e000-7fc14fd81000 r-xp 00000000 08:01 1448897                    /lib/x86_64-linux-gnu/libdl-2.19.so
7fc14fd81000-7fc14ff80000 ---p 00003000 08:01 1448897                    /lib/x86_64-linux-gnu/libdl-2.19.so
7fc14ff80000-7fc14ff81000 r--p 00002000 08:01 1448897                    /lib/x86_64-linux-gnu/libdl-2.19.so
7fc14ff81000-7fc14ff82000 rw-p 00003000 08:01 1448897                    /lib/x86_64-linux-gnu/libdl-2.19.so
7fc14ff82000-7fc14ff97000 r-xp 00000000 08:02 7522303                    /home/shreya/jdk1.8.0_31/lib/amd64/jli/libjli.so
7fc14ff97000-7fc150196000 ---p 00015000 08:02 7522303                    /home/shreya/jdk1.8.0_31/lib/amd64/jli/libjli.so
7fc150196000-7fc150197000 rw-p 00014000 08:02 7522303                    /home/shreya/jdk1.8.0_31/lib/amd64/jli/libjli.so
7fc150197000-7fc1501b0000 r-xp 00000000 08:01 1448909                    /lib/x86_64-linux-gnu/libpthread-2.19.so
7fc1501b0000-7fc1503af000 ---p 00019000 08:01 1448909                    /lib/x86_64-linux-gnu/libpthread-2.19.so
7fc1503af000-7fc1503b0000 r--p 00018000 08:01 1448909                    /lib/x86_64-linux-gnu/libpthread-2.19.so
7fc1503b0000-7fc1503b1000 rw-p 00019000 08:01 1448909                    /lib/x86_64-linux-gnu/libpthread-2.19.so
7fc1503b1000-7fc1503b5000 rw-p 00000000 00:00 0 
7fc1503b5000-7fc1503d8000 r-xp 00000000 08:01 1448905                    /lib/x86_64-linux-gnu/ld-2.19.so
7fc1503d8000-7fc1503d9000 r--s 00006000 08:02 7292397                    /home/shreya/netbeans-8.0/java/maven/lib/plexus-sec-dispatcher-1.3.jar
7fc1503d9000-7fc1503db000 r--s 0000b000 08:02 7292454                    /home/shreya/netbeans-8.0/java/maven/lib/maven-artifact-3.0.5.jar
7fc1503db000-7fc1503dd000 r--s 0000b000 08:02 7292441                    /home/shreya/netbeans-8.0/java/maven/lib/wagon-provider-api-2.4.jar
7fc1503dd000-7fc1503df000 r--s 00006000 08:02 7292261                    /home/shreya/netbeans-8.0/java/maven/lib/maven-repository-metadata-3.0.5.jar
7fc1503df000-7fc1503e3000 r--s 00012000 08:02 7292474                    /home/shreya/netbeans-8.0/java/maven/lib/aether-api-1.13.1.jar
7fc1503e3000-7fc1503e5000 r--s 0000a000 08:02 7292442                    /home/shreya/netbeans-8.0/java/maven/lib/maven-plugin-api-3.0.5.jar
7fc1503e5000-7fc1503e7000 r--s 00000000 08:02 7292159                    /home/shreya/netbeans-8.0/java/maven/lib/plexus-component-annotations-1.5.5.jar
7fc1503e7000-7fc1503ec000 r--s 00020000 08:02 7292396                    /home/shreya/netbeans-8.0/java/maven/lib/maven-model-builder-3.0.5.jar
7fc1503ec000-7fc1504b7000 rw-p 00000000 00:00 0 
7fc1504b7000-7fc1504ba000 ---p 00000000 00:00 0 
7fc1504ba000-7fc1505bc000 rw-p 00000000 00:00 0                          [stack:27069]
7fc1505bc000-7fc1505bd000 r--s 00009000 08:02 7292483                    /home/shreya/netbeans-8.0/java/maven/lib/commons-cli-1.2.jar
7fc1505bd000-7fc1505c9000 r--s 0007b000 08:02 7292480                    /home/shreya/netbeans-8.0/java/maven/lib/maven-core-3.0.5.jar
7fc1505c9000-7fc1505cb000 r--s 0000a000 08:02 7292430                    /home/shreya/netbeans-8.0/java/maven/boot/plexus-classworlds-2.4.jar
7fc1505cb000-7fc1505d3000 rw-s 00000000 08:01 3806161                    /tmp/hsperfdata_shreya/27066
7fc1505d3000-7fc1505d4000 rw-p 00000000 00:00 0 
7fc1505d4000-7fc1505d5000 ---p 00000000 00:00 0 
7fc1505d5000-7fc1505d7000 rw-p 00000000 00:00 0 
7fc1505d7000-7fc1505d8000 r--p 00022000 08:01 1448905                    /lib/x86_64-linux-gnu/ld-2.19.so
7fc1505d8000-7fc1505d9000 rw-p 00023000 08:01 1448905                    /lib/x86_64-linux-gnu/ld-2.19.so
7fc1505d9000-7fc1505da000 rw-p 00000000 00:00 0 
7ffdddde5000-7ffddde06000 rw-p 00000000 00:00 0                          [stack]
7ffddde91000-7ffddde93000 r-xp 00000000 00:00 0                          [vdso]
ffffffffff600000-ffffffffff601000 r-xp 00000000 00:00 0                  [vsyscall]

VM Arguments:
jvm_args: -Dclassworlds.conf=/home/shreya/netbeans-8.0/java/maven/bin/m2.conf -Dmaven.home=/home/shreya/netbeans-8.0/java/maven 
java_command: org.codehaus.plexus.classworlds.launcher.Launcher -DskipTests=true -Djetty.port=7071 -Dmaven.ext.class.path=/home/shreya/netbeans-8.0/java/maven-nblib/netbeans-eventspy.jar --update-snapshots --update-snapshots -Pdev_sub clean install jetty:run
java_class_path (initial): /home/shreya/netbeans-8.0/java/maven/boot/plexus-classworlds-2.4.jar
Launcher Type: SUN_STANDARD

Environment Variables:
JAVA_HOME=/home/shreya/jdk1.8.0_31
PATH=/usr/local/sbin:/usr/local/bin:/usr/sbin:/usr/bin:/sbin:/bin:/usr/games:/usr/local/games:/usr/lib/jvm/jdk1.7.0_45/bin
LD_LIBRARY_PATH=/usr/lib/jvm/jdk1.7.0_45/jre/lib/amd64:/usr/lib/jvm/jdk1.7.0_45/jre/lib/i386:
SHELL=/bin/bash
DISPLAY=:0

Signal Handlers:
SIGSEGV: [libjvm.so+0xa7a650], sa_mask[0]=11111111011111111101111111111110, sa_flags=SA_RESTART|SA_SIGINFO
SIGBUS: [libjvm.so+0xa7a650], sa_mask[0]=11111111011111111101111111111110, sa_flags=SA_RESTART|SA_SIGINFO
SIGFPE: [libjvm.so+0x8e28f0], sa_mask[0]=11111111011111111101111111111110, sa_flags=SA_RESTART|SA_SIGINFO
SIGPIPE: [libjvm.so+0x8e28f0], sa_mask[0]=11111111011111111101111111111110, sa_flags=SA_RESTART|SA_SIGINFO
SIGXFSZ: [libjvm.so+0x8e28f0], sa_mask[0]=11111111011111111101111111111110, sa_flags=SA_RESTART|SA_SIGINFO
SIGILL: [libjvm.so+0x8e28f0], sa_mask[0]=11111111011111111101111111111110, sa_flags=SA_RESTART|SA_SIGINFO
SIGUSR1: SIG_DFL, sa_mask[0]=00000000000000000000000000000000, sa_flags=none
SIGUSR2: [libjvm.so+0x8e4120], sa_mask[0]=00100000000000000000000000000000, sa_flags=SA_RESTART|SA_SIGINFO
SIGHUP: [libjvm.so+0x8e54e0], sa_mask[0]=11111111011111111101111111111110, sa_flags=SA_RESTART|SA_SIGINFO
SIGINT: SIG_IGN, sa_mask[0]=00000000000000000000000000000000, sa_flags=none
SIGTERM: [libjvm.so+0x8e54e0], sa_mask[0]=11111111011111111101111111111110, sa_flags=SA_RESTART|SA_SIGINFO
SIGQUIT: [libjvm.so+0x8e54e0], sa_mask[0]=11111111011111111101111111111110, sa_flags=SA_RESTART|SA_SIGINFO


---------------  S Y S T E M  ---------------

OS:DISTRIB_ID=Ubuntu
DISTRIB_RELEASE=14.04
DISTRIB_CODENAME=trusty
DISTRIB_DESCRIPTION="Ubuntu 14.04.3 LTS"

uname:Linux 3.13.0-66-generic #108-Ubuntu SMP Wed Oct 7 15:20:27 UTC 2015 x86_64
libc:glibc 2.19 NPTL 2.19 
rlimit: STACK 8192k, CORE 0k, NPROC 62422, NOFILE 4096, AS infinity
load average:4.75 4.05 4.29

/proc/meminfo:
MemTotal:        8011660 kB
MemFree:          988840 kB
Buffers:          151792 kB
Cached:          1889024 kB
SwapCached:        61676 kB
Active:          4734668 kB
Inactive:        1873328 kB
Active(anon):    4048900 kB
Inactive(anon):  1123168 kB
Active(file):     685768 kB
Inactive(file):   750160 kB
Unevictable:          64 kB
Mlocked:              64 kB
SwapTotal:       7812092 kB
SwapFree:        7524376 kB
Dirty:             23732 kB
Writeback:             0 kB
AnonPages:       4523208 kB
Mapped:           556960 kB
Shmem:            604884 kB
Slab:             261596 kB
SReclaimable:     208068 kB
SUnreclaim:        53528 kB
KernelStack:       11952 kB
PageTables:        61928 kB
NFS_Unstable:          0 kB
Bounce:                0 kB
WritebackTmp:          0 kB
CommitLimit:    11817920 kB
Committed_AS:   15290024 kB
VmallocTotal:   34359738367 kB
VmallocUsed:      355592 kB
VmallocChunk:   34359375356 kB
HardwareCorrupted:     0 kB
AnonHugePages:         0 kB
HugePages_Total:       0
HugePages_Free:        0
HugePages_Rsvd:        0
HugePages_Surp:        0
Hugepagesize:       2048 kB
DirectMap4k:      103140 kB
DirectMap2M:     8118272 kB


CPU:total 4 (2 cores per cpu, 2 threads per core) family 6 model 58 stepping 9, cmov, cx8, fxsr, mmx, sse, sse2, sse3, ssse3, sse4.1, sse4.2, popcnt, avx, clmul, erms, ht, tsc, tscinvbit, tscinv

/proc/cpuinfo:
processor	: 0
vendor_id	: GenuineIntel
cpu family	: 6
model		: 58
model name	: Intel(R) Core(TM) i3-3220 CPU @ 3.30GHz
stepping	: 9
microcode	: 0x15
cpu MHz		: 3300.000
cache size	: 3072 KB
physical id	: 0
siblings	: 4
core id		: 0
cpu cores	: 2
apicid		: 0
initial apicid	: 0
fpu		: yes
fpu_exception	: yes
cpuid level	: 13
wp		: yes
flags		: fpu vme de pse tsc msr pae mce cx8 apic sep mtrr pge mca cmov pat pse36 clflush dts acpi mmx fxsr sse sse2 ss ht tm pbe syscall nx rdtscp lm constant_tsc arch_perfmon pebs bts rep_good nopl xtopology nonstop_tsc aperfmperf eagerfpu pni pclmulqdq dtes64 monitor ds_cpl vmx est tm2 ssse3 cx16 xtpr pdcm pcid sse4_1 sse4_2 popcnt tsc_deadline_timer xsave avx f16c lahf_lm arat epb xsaveopt pln pts dtherm tpr_shadow vnmi flexpriority ept vpid fsgsbase smep erms
bogomips	: 6585.15
clflush size	: 64
cache_alignment	: 64
address sizes	: 36 bits physical, 48 bits virtual
power management:

processor	: 1
vendor_id	: GenuineIntel
cpu family	: 6
model		: 58
model name	: Intel(R) Core(TM) i3-3220 CPU @ 3.30GHz
stepping	: 9
microcode	: 0x15
cpu MHz		: 3300.000
cache size	: 3072 KB
physical id	: 0
siblings	: 4
core id		: 1
cpu cores	: 2
apicid		: 2
initial apicid	: 2
fpu		: yes
fpu_exception	: yes
cpuid level	: 13
wp		: yes
flags		: fpu vme de pse tsc msr pae mce cx8 apic sep mtrr pge mca cmov pat pse36 clflush dts acpi mmx fxsr sse sse2 ss ht tm pbe syscall nx rdtscp lm constant_tsc arch_perfmon pebs bts rep_good nopl xtopology nonstop_tsc aperfmperf eagerfpu pni pclmulqdq dtes64 monitor ds_cpl vmx est tm2 ssse3 cx16 xtpr pdcm pcid sse4_1 sse4_2 popcnt tsc_deadline_timer xsave avx f16c lahf_lm arat epb xsaveopt pln pts dtherm tpr_shadow vnmi flexpriority ept vpid fsgsbase smep erms
bogomips	: 6585.15
clflush size	: 64
cache_alignment	: 64
address sizes	: 36 bits physical, 48 bits virtual
power management:

processor	: 2
vendor_id	: GenuineIntel
cpu family	: 6
model		: 58
model name	: Intel(R) Core(TM) i3-3220 CPU @ 3.30GHz
stepping	: 9
microcode	: 0x15
cpu MHz		: 3300.000
cache size	: 3072 KB
physical id	: 0
siblings	: 4
core id		: 0
cpu cores	: 2
apicid		: 1
initial apicid	: 1
fpu		: yes
fpu_exception	: yes
cpuid level	: 13
wp		: yes
flags		: fpu vme de pse tsc msr pae mce cx8 apic sep mtrr pge mca cmov pat pse36 clflush dts acpi mmx fxsr sse sse2 ss ht tm pbe syscall nx rdtscp lm constant_tsc arch_perfmon pebs bts rep_good nopl xtopology nonstop_tsc aperfmperf eagerfpu pni pclmulqdq dtes64 monitor ds_cpl vmx est tm2 ssse3 cx16 xtpr pdcm pcid sse4_1 sse4_2 popcnt tsc_deadline_timer xsave avx f16c lahf_lm arat epb xsaveopt pln pts dtherm tpr_shadow vnmi flexpriority ept vpid fsgsbase smep erms
bogomips	: 6585.15
clflush size	: 64
cache_alignment	: 64
address sizes	: 36 bits physical, 48 bits virtual
power management:

processor	: 3
vendor_id	: GenuineIntel
cpu family	: 6
model		: 58
model name	: Intel(R) Core(TM) i3-3220 CPU @ 3.30GHz
stepping	: 9
microcode	: 0x15
cpu MHz		: 3300.000
cache size	: 3072 KB
physical id	: 0
siblings	: 4
core id		: 1
cpu cores	: 2
apicid		: 3
initial apicid	: 3
fpu		: yes
fpu_exception	: yes
cpuid level	: 13
wp		: yes
flags		: fpu vme de pse tsc msr pae mce cx8 apic sep mtrr pge mca cmov pat pse36 clflush dts acpi mmx fxsr sse sse2 ss ht tm pbe syscall nx rdtscp lm constant_tsc arch_perfmon pebs bts rep_good nopl xtopology nonstop_tsc aperfmperf eagerfpu pni pclmulqdq dtes64 monitor ds_cpl vmx est tm2 ssse3 cx16 xtpr pdcm pcid sse4_1 sse4_2 popcnt tsc_deadline_timer xsave avx f16c lahf_lm arat epb xsaveopt pln pts dtherm tpr_shadow vnmi flexpriority ept vpid fsgsbase smep erms
bogomips	: 6585.15
clflush size	: 64
cache_alignment	: 64
address sizes	: 36 bits physical, 48 bits virtual
power management:



Memory: 4k page, physical 8011660k(988840k free), swap 7812092k(7524376k free)

vm_info: Java HotSpot(TM) 64-Bit Server VM (25.31-b07) for linux-amd64 JRE (1.8.0_31-b13), built on Dec 17 2014 20:40:15 by "java_re" with gcc 4.3.0 20080428 (Red Hat 4.3.0-8)

time: Mon Oct 26 13:42:16 2015
elapsed time: 5 seconds (0d 0h 0m 5s)

